<?xml version="1.0" encoding="UTF-8"?>
<!-- Generated by org.testng.reporters.JUnitReportReporter -->
<testsuite hostname="LAPTOP-NH67TDS8" failures="0" tests="1" name="com.SeleniumProject.seleniumdemo.AddToCartTest" time="2.980" errors="0" timestamp="2025-09-16T13:20:46 IST" skipped="0">
  <testcase classname="com.SeleniumProject.seleniumdemo.AddToCartTest" name="addtocart" time="2.980"/>
</testsuite> <!-- com.SeleniumProject.seleniumdemo.AddToCartTest -->
