<?xml version="1.0" encoding="UTF-8"?>
<!-- Generated by org.testng.reporters.JUnitReportReporter -->
<testsuite hostname="LAPTOP-NH67TDS8" failures="0" tests="1" name="com.SeleniumProject.seleniumdemo.PlaceOrderTest" time="1.964" errors="0" timestamp="2025-09-15T16:08:36 IST" skipped="0">
  <testcase classname="com.SeleniumProject.seleniumdemo.PlaceOrderTest" name="placeyourorder" time="1.964"/>
</testsuite> <!-- com.SeleniumProject.seleniumdemo.PlaceOrderTest -->
