<?xml version="1.0" encoding="UTF-8"?>
<!-- Generated by org.testng.reporters.JUnitReportReporter -->
<testsuite hostname="LAPTOP-NH67TDS8" failures="0" tests="2" name="com.SeleniumProject.seleniumdemo.LoginTest" time="21.888" errors="0" timestamp="2025-09-15T16:08:36 IST" skipped="0">
  <testcase classname="com.SeleniumProject.seleniumdemo.LoginTest" name="validlogintest" time="14.296"/>
  <testcase classname="com.SeleniumProject.seleniumdemo.LoginTest" name="invalidlogintest" time="7.592"/>
</testsuite> <!-- com.SeleniumProject.seleniumdemo.LoginTest -->
