<?xml version="1.0" encoding="UTF-8"?>
<!-- Generated by org.testng.reporters.JUnitReportReporter -->
<testsuite hostname="LAPTOP-NH67TDS8" failures="0" tests="2" name="com.SeleniumProject.seleniumdemo.LoginTest" time="22.356" errors="0" timestamp="2025-09-16T13:20:46 IST" skipped="0">
  <testcase classname="com.SeleniumProject.seleniumdemo.LoginTest" name="validlogintest" time="14.474"/>
  <testcase classname="com.SeleniumProject.seleniumdemo.LoginTest" name="invalidlogintest" time="7.882"/>
</testsuite> <!-- com.SeleniumProject.seleniumdemo.LoginTest -->
