<?xml version="1.0" encoding="UTF-8"?>
<!-- Generated by org.testng.reporters.JUnitReportReporter -->
<testsuite hostname="LAPTOP-NH67TDS8" failures="0" tests="2" name="com.SeleniumProject.seleniumdemo.LoginTest" time="23.847" errors="0" timestamp="2025-09-19T16:32:06 IST" skipped="0">
  <testcase classname="com.SeleniumProject.seleniumdemo.LoginTest" name="validlogintest" time="15.637"/>
  <testcase classname="com.SeleniumProject.seleniumdemo.LoginTest" name="invalidlogintest" time="8.210"/>
</testsuite> <!-- com.SeleniumProject.seleniumdemo.LoginTest -->
