<?xml version="1.0" encoding="UTF-8"?>
<!-- Generated by org.testng.reporters.JUnitReportReporter -->
<testsuite hostname="LAPTOP-NH67TDS8" failures="0" tests="1" name="com.SeleniumProject.seleniumdemo.LoginTest" time="5.314" errors="0" timestamp="2025-09-14T16:22:26 IST" skipped="0">
  <testcase classname="com.SeleniumProject.seleniumdemo.LoginTest" name="correctlogintest" time="5.314"/>
</testsuite> <!-- com.SeleniumProject.seleniumdemo.LoginTest -->
