<?xml version="1.0" encoding="UTF-8"?>
<!-- Generated by org.testng.reporters.JUnitReportReporter -->
<testsuite hostname="LAPTOP-NH67TDS8" failures="0" tests="2" name="com.SeleniumProject.seleniumdemo.PlaceOrderTest" time="7.713" errors="0" timestamp="2025-09-19T16:32:06 IST" skipped="1">
  <testcase classname="com.SeleniumProject.seleniumdemo.PlaceOrderTest" name="validplaceyourorder" time="7.713"/>
  <testcase classname="com.SeleniumProject.seleniumdemo.PlaceOrderTest" name="requiredmessageerror">
    <skipped/>
  </testcase> <!-- requiredmessageerror -->
</testsuite> <!-- com.SeleniumProject.seleniumdemo.PlaceOrderTest -->
